<?xml version="1.0" encoding="UTF-8"?>
<!-- Generated by org.testng.reporters.JUnitXMLReporter -->
<testsuite ignored="0" hostname="mohammad" failures="0" tests="3" name="Default test" time="20.794" errors="0" timestamp="2025-06-30T23:33:09 EET">
  <testcase classname="first_project.create_account" name="signup" time="5.343"/>
  <testcase classname="first_project.create_account" name="login" time="2.313"/>
  <testcase classname="first_project.create_account" name="AddToCart" time="5.433"/>
</testsuite> <!-- Default test -->
